2019-07-21 21:12:10,884 Starting logging with options: 
Namespace(choice='interactive', input=None, output='output.txt', toBuildEmbeddings=False, toCorrelate=False, toPreprocess=False) 
 config:
{'embeddings': {'size_vector': 600, 'min_count': 4, 'window': 4, 'epochs': 100, 'progress': 10000}, 'model': {'num_neurons': 100, 'loss': 'categorical_crossentropy', 'optimizer': 'adam', 'epochs': 15}}
2019-07-21 21:12:10,915 From /home/luiz/.local/lib/python3.6/site-packages/tensorflow/python/framework/op_def_library.py:263: colocate_with (from tensorflow.python.framework.ops) is deprecated and will be removed in a future version.
Instructions for updating:
Colocations handled automatically by placer.
2019-07-21 21:12:11,045 From /home/luiz/.local/lib/python3.6/site-packages/tensorflow/python/ops/math_ops.py:3066: to_int32 (from tensorflow.python.ops.math_ops) is deprecated and will be removed in a future version.
Instructions for updating:
Use tf.cast instead.
2019-07-21 21:12:16,512 Lexicons loaded!
2019-07-21 21:12:16,641 loading Word2Vec object from /home/luiz/Documents/subjectivity-classification/src/data/model/word2vecBuscape.model
2019-07-21 21:12:16,642 {'kw': {}, 'mode': 'rb', 'uri': '/home/luiz/Documents/subjectivity-classification/src/data/model/word2vecBuscape.model'}
2019-07-21 21:12:16,662 loading wv recursively from /home/luiz/Documents/subjectivity-classification/src/data/model/word2vecBuscape.model.wv.* with mmap=None
2019-07-21 21:12:16,662 loading vectors from /home/luiz/Documents/subjectivity-classification/src/data/model/word2vecBuscape.model.wv.vectors.npy with mmap=None
2019-07-21 21:12:16,684 setting ignored attribute vectors_norm to None
2019-07-21 21:12:16,684 loading vocabulary recursively from /home/luiz/Documents/subjectivity-classification/src/data/model/word2vecBuscape.model.vocabulary.* with mmap=None
2019-07-21 21:12:16,684 loading trainables recursively from /home/luiz/Documents/subjectivity-classification/src/data/model/word2vecBuscape.model.trainables.* with mmap=None
2019-07-21 21:12:16,684 loading syn1neg from /home/luiz/Documents/subjectivity-classification/src/data/model/word2vecBuscape.model.trainables.syn1neg.npy with mmap=None
2019-07-21 21:12:16,702 setting ignored attribute cum_table to None
2019-07-21 21:12:16,702 loaded /home/luiz/Documents/subjectivity-classification/src/data/model/word2vecBuscape.model
2019-07-21 21:12:16,728 precomputing L2-norms of word weight vectors
